<?xml version="1.0" encoding="UTF-8"?>
<robot generator="Robot 7.3.2 (Python 3.13.3 on win32)" generated="2025-11-14T15:21:25.521110" rpa="false" schemaversion="5">
<suite id="s1" name="Test1" source="C:\Users\dmarinel\API\PythonProject\PythonProject\tests\test1.robot">
<test id="s1-t1" name="Validate UnSuccessful Login" line="12">
<kw name="open the browser with the payment url">
<kw name="Create Webdriver" owner="SeleniumLibrary">
<msg time="2025-11-14T15:21:25.876338" level="INFO">Creating an instance of the Chrome WebDriver.</msg>
<arg>Chrome</arg>
<doc>Creates an instance of Selenium WebDriver.</doc>
<status status="PASS" start="2025-11-14T15:21:25.876111" elapsed="1.796332"/>
</kw>
<kw name="Go To" owner="SeleniumLibrary">
<msg time="2025-11-14T15:21:27.672942" level="INFO">Opening url 'http://www.rahulshettyacademy.com/loginpagePractise/'</msg>
<arg>http://www.rahulshettyacademy.com/loginpagePractise/</arg>
<doc>Navigates the current browser window to the provided ``url``.</doc>
<status status="PASS" start="2025-11-14T15:21:27.672749" elapsed="1.071043"/>
</kw>
<status status="PASS" start="2025-11-14T15:21:25.874910" elapsed="2.869072"/>
</kw>
<kw name="fill the login form">
<kw name="Input Text" owner="SeleniumLibrary">
<msg time="2025-11-14T15:21:28.745419" level="INFO">Typing text 'dmarinel' into text field 'id:username'.</msg>
<arg>id:username</arg>
<arg>dmarinel</arg>
<doc>Types the given ``text`` into the text field identified by ``locator``.</doc>
<status status="PASS" start="2025-11-14T15:21:28.744945" elapsed="0.138021"/>
</kw>
<kw name="Input Password" owner="SeleniumLibrary">
<msg time="2025-11-14T15:21:28.883505" level="INFO">Typing password into text field 'id:password'.</msg>
<msg time="2025-11-14T15:21:28.919559" level="INFO">Temporally setting log level to: NONE</msg>
<arg>id:password</arg>
<arg>myPass123</arg>
<doc>Types the given password into the text field identified by ``locator``.</doc>
<status status="PASS" start="2025-11-14T15:21:28.883218" elapsed="0.081425"/>
</kw>
<kw name="Click Button" owner="SeleniumLibrary">
<msg time="2025-11-14T15:21:28.965034" level="INFO">Clicking button 'id:signInBtn'.</msg>
<arg>id:signInBtn</arg>
<doc>Clicks the button identified by ``locator``.</doc>
<status status="PASS" start="2025-11-14T15:21:28.964850" elapsed="0.078792"/>
</kw>
<status status="PASS" start="2025-11-14T15:21:28.744472" elapsed="0.299298"/>
</kw>
<kw name="wait until it checks and display error message">
<kw name="Wait Until Element Is Visible" owner="SeleniumLibrary">
<arg>${Error_Message_Displayed}</arg>
<doc>Waits until the element ``locator`` is visible.</doc>
<status status="PASS" start="2025-11-14T15:21:29.044495" elapsed="2.211149"/>
</kw>
<status status="PASS" start="2025-11-14T15:21:29.044166" elapsed="2.211659"/>
</kw>
<kw name="verify error message is correct">
<kw name="Get Text" owner="SeleniumLibrary">
<msg time="2025-11-14T15:21:31.279070" level="INFO">${msg_display} = Incorrect username/password.</msg>
<var>${msg_display}</var>
<arg>${Error_Message_Displayed}</arg>
<doc>Returns the text value of the element identified by ``locator``.</doc>
<status status="PASS" start="2025-11-14T15:21:31.256583" elapsed="0.022570"/>
</kw>
<kw name="Should Be Equal As Strings" owner="BuiltIn">
<arg>${msg_display}</arg>
<arg>Incorrect username/password.</arg>
<doc>Fails if objects are unequal after converting them to strings.</doc>
<status status="PASS" start="2025-11-14T15:21:31.279438" elapsed="0.000301"/>
</kw>
<status status="PASS" start="2025-11-14T15:21:31.256258" elapsed="0.023554"/>
</kw>
<status status="PASS" start="2025-11-14T15:21:25.874071" elapsed="5.406024"/>
</test>
<doc>To validate the Login form</doc>
<status status="PASS" start="2025-11-14T15:21:25.523848" elapsed="5.756844"/>
</suite>
<statistics>
<total>
<stat pass="1" fail="0" skip="0">All Tests</stat>
</total>
<tag>
</tag>
<suite>
<stat name="Test1" id="s1" pass="1" fail="0" skip="0">Test1</stat>
</suite>
</statistics>
<errors>
</errors>
</robot>
